* 0 : 3
* 0 : 03 [0, 0, 0]
* 0 : 03 [0, 0, 0] -> [225]
* [ 225 ] = 0
* [ 225 ] = 1
* 2 : 1
* 2 : 01 [0, 0, 0]
* 2 : 01 [0, 0, 0] -> [225, 6, 6]
* 2 : 01 [0, 0, 0] -> [1, 1100, 6]
* [ 6 ] = 1100
* ADD 1 1100 > [ 6 ]
* [ 6 ] = 1101
* 6 : 1101
* 6 : 01 [1, 1, 0]
* 6 : 01 [1, 1, 0] -> [1, 238, 225]
* 6 : 01 [1, 1, 0] -> [1, 238, 225]
* [ 225 ] = 1
* ADD 1 238 > [ 225 ]
* [ 225 ] = 239
* 10 : 104
* 10 : 04 [1, 0, 0]
* 10 : 04 [1, 0, 0] -> [0]
output: 0
* 12 : 1102
* 12 : 02 [1, 1, 0]
* 12 : 02 [1, 1, 0] -> [45, 16, 225]
* 12 : 02 [1, 1, 0] -> [45, 16, 225]
* [ 225 ] = 239
* MULT 45 16 > [ 225 ]
* [ 225 ] = 720
* 16 : 2
* 16 : 02 [0, 0, 0]
* 16 : 02 [0, 0, 0] -> [65, 191, 224]
* 16 : 02 [0, 0, 0] -> [52, 61, 224]
* [ 224 ] = 0
* MULT 52 61 > [ 224 ]
* [ 224 ] = 3172
* 20 : 1001
* 20 : 01 [0, 1, 0]
* 20 : 01 [0, 1, 0] -> [224, -3172, 224]
* 20 : 01 [0, 1, 0] -> [3172, -3172, 224]
* [ 224 ] = 3172
* ADD 3172 -3172 > [ 224 ]
* [ 224 ] = 0
* 24 : 4
* 24 : 04 [0, 0, 0]
* 24 : 04 [0, 0, 0] -> [224]
output: 0
* 26 : 102
* 26 : 02 [1, 0, 0]
* 26 : 02 [1, 0, 0] -> [8, 223, 223]
* 26 : 02 [1, 0, 0] -> [8, 0, 223]
* [ 223 ] = 0
* MULT 8 0 > [ 223 ]
* [ 223 ] = 0
* 30 : 1001
* 30 : 01 [0, 1, 0]
* 30 : 01 [0, 1, 0] -> [224, 5, 224]
* 30 : 01 [0, 1, 0] -> [0, 5, 224]
* [ 224 ] = 0
* ADD 0 5 > [ 224 ]
* [ 224 ] = 5
* 34 : 1
* 34 : 01 [0, 0, 0]
* 34 : 01 [0, 0, 0] -> [223, 224, 223]
* 34 : 01 [0, 0, 0] -> [0, 5, 223]
* [ 223 ] = 0
* ADD 0 5 > [ 223 ]
* [ 223 ] = 5
* 38 : 1102
* 38 : 02 [1, 1, 0]
* 38 : 02 [1, 1, 0] -> [90, 55, 225]
* 38 : 02 [1, 1, 0] -> [90, 55, 225]
* [ 225 ] = 720
* MULT 90 55 > [ 225 ]
* [ 225 ] = 4950
* 42 : 101
* 42 : 01 [1, 0, 0]
* 42 : 01 [1, 0, 0] -> [77, 143, 224]
* 42 : 01 [1, 0, 0] -> [77, 50, 224]
* [ 224 ] = 5
* ADD 77 50 > [ 224 ]
* [ 224 ] = 127
* 46 : 101
* 46 : 01 [1, 0, 0]
* 46 : 01 [1, 0, 0] -> [-127, 224, 224]
* 46 : 01 [1, 0, 0] -> [-127, 127, 224]
* [ 224 ] = 127
* ADD -127 127 > [ 224 ]
* [ 224 ] = 0
* 50 : 4
* 50 : 04 [0, 0, 0]
* 50 : 04 [0, 0, 0] -> [224]
output: 0
* 52 : 102
* 52 : 02 [1, 0, 0]
* 52 : 02 [1, 0, 0] -> [8, 223, 223]
* 52 : 02 [1, 0, 0] -> [8, 5, 223]
* [ 223 ] = 5
* MULT 8 5 > [ 223 ]
* [ 223 ] = 40
* 56 : 1001
* 56 : 01 [0, 1, 0]
* 56 : 01 [0, 1, 0] -> [224, 7, 224]
* 56 : 01 [0, 1, 0] -> [0, 7, 224]
* [ 224 ] = 0
* ADD 0 7 > [ 224 ]
* [ 224 ] = 7
* 60 : 1
* 60 : 01 [0, 0, 0]
* 60 : 01 [0, 0, 0] -> [223, 224, 223]
* 60 : 01 [0, 0, 0] -> [40, 7, 223]
* [ 223 ] = 40
* ADD 40 7 > [ 223 ]
* [ 223 ] = 47
* 64 : 1102
* 64 : 02 [1, 1, 0]
* 64 : 02 [1, 1, 0] -> [52, 6, 225]
* 64 : 02 [1, 1, 0] -> [52, 6, 225]
* [ 225 ] = 4950
* MULT 52 6 > [ 225 ]
* [ 225 ] = 312
* 68 : 1101
* 68 : 01 [1, 1, 0]
* 68 : 01 [1, 1, 0] -> [65, 90, 225]
* 68 : 01 [1, 1, 0] -> [65, 90, 225]
* [ 225 ] = 312
* ADD 65 90 > [ 225 ]
* [ 225 ] = 155
* 72 : 1102
* 72 : 02 [1, 1, 0]
* 72 : 02 [1, 1, 0] -> [75, 58, 225]
* 72 : 02 [1, 1, 0] -> [75, 58, 225]
* [ 225 ] = 155
* MULT 75 58 > [ 225 ]
* [ 225 ] = 4350
* 76 : 1102
* 76 : 02 [1, 1, 0]
* 76 : 02 [1, 1, 0] -> [53, 17, 224]
* 76 : 02 [1, 1, 0] -> [53, 17, 224]
* [ 224 ] = 7
* MULT 53 17 > [ 224 ]
* [ 224 ] = 901
* 80 : 1001
* 80 : 01 [0, 1, 0]
* 80 : 01 [0, 1, 0] -> [224, -901, 224]
* 80 : 01 [0, 1, 0] -> [901, -901, 224]
* [ 224 ] = 901
* ADD 901 -901 > [ 224 ]
* [ 224 ] = 0
* 84 : 4
* 84 : 04 [0, 0, 0]
* 84 : 04 [0, 0, 0] -> [224]
output: 0
* 86 : 1002
* 86 : 02 [0, 1, 0]
* 86 : 02 [0, 1, 0] -> [223, 8, 223]
* 86 : 02 [0, 1, 0] -> [47, 8, 223]
* [ 223 ] = 47
* MULT 47 8 > [ 223 ]
* [ 223 ] = 376
* 90 : 1001
* 90 : 01 [0, 1, 0]
* 90 : 01 [0, 1, 0] -> [224, 3, 224]
* 90 : 01 [0, 1, 0] -> [0, 3, 224]
* [ 224 ] = 0
* ADD 0 3 > [ 224 ]
* [ 224 ] = 3
* 94 : 1
* 94 : 01 [0, 0, 0]
* 94 : 01 [0, 0, 0] -> [224, 223, 223]
* 94 : 01 [0, 0, 0] -> [3, 376, 223]
* [ 223 ] = 376
* ADD 3 376 > [ 223 ]
* [ 223 ] = 379
* 98 : 1002
* 98 : 02 [0, 1, 0]
* 98 : 02 [0, 1, 0] -> [69, 79, 224]
* 98 : 02 [0, 1, 0] -> [65, 79, 224]
* [ 224 ] = 3
* MULT 65 79 > [ 224 ]
* [ 224 ] = 5135
* 102 : 1001
* 102 : 01 [0, 1, 0]
* 102 : 01 [0, 1, 0] -> [224, -5135, 224]
* 102 : 01 [0, 1, 0] -> [5135, -5135, 224]
* [ 224 ] = 5135
* ADD 5135 -5135 > [ 224 ]
* [ 224 ] = 0
* 106 : 4
* 106 : 04 [0, 0, 0]
* 106 : 04 [0, 0, 0] -> [224]
output: 0
* 108 : 1002
* 108 : 02 [0, 1, 0]
* 108 : 02 [0, 1, 0] -> [223, 8, 223]
* 108 : 02 [0, 1, 0] -> [379, 8, 223]
* [ 223 ] = 379
* MULT 379 8 > [ 223 ]
* [ 223 ] = 3032
* 112 : 1001
* 112 : 01 [0, 1, 0]
* 112 : 01 [0, 1, 0] -> [224, 5, 224]
* 112 : 01 [0, 1, 0] -> [0, 5, 224]
* [ 224 ] = 0
* ADD 0 5 > [ 224 ]
* [ 224 ] = 5
* 116 : 1
* 116 : 01 [0, 0, 0]
* 116 : 01 [0, 0, 0] -> [224, 223, 223]
* 116 : 01 [0, 0, 0] -> [5, 3032, 223]
* [ 223 ] = 3032
* ADD 5 3032 > [ 223 ]
* [ 223 ] = 3037
* 120 : 102
* 120 : 02 [1, 0, 0]
* 120 : 02 [1, 0, 0] -> [48, 40, 224]
* 120 : 02 [1, 0, 0] -> [48, 55, 224]
* [ 224 ] = 5
* MULT 48 55 > [ 224 ]
* [ 224 ] = 2640
* 124 : 1001
* 124 : 01 [0, 1, 0]
* 124 : 01 [0, 1, 0] -> [224, -2640, 224]
* 124 : 01 [0, 1, 0] -> [2640, -2640, 224]
* [ 224 ] = 2640
* ADD 2640 -2640 > [ 224 ]
* [ 224 ] = 0
* 128 : 4
* 128 : 04 [0, 0, 0]
* 128 : 04 [0, 0, 0] -> [224]
output: 0
* 130 : 102
* 130 : 02 [1, 0, 0]
* 130 : 02 [1, 0, 0] -> [8, 223, 223]
* 130 : 02 [1, 0, 0] -> [8, 3037, 223]
* [ 223 ] = 3037
* MULT 8 3037 > [ 223 ]
* [ 223 ] = 24296
* 134 : 1001
* 134 : 01 [0, 1, 0]
* 134 : 01 [0, 1, 0] -> [224, 1, 224]
* 134 : 01 [0, 1, 0] -> [0, 1, 224]
* [ 224 ] = 0
* ADD 0 1 > [ 224 ]
* [ 224 ] = 1
* 138 : 1
* 138 : 01 [0, 0, 0]
* 138 : 01 [0, 0, 0] -> [224, 223, 223]
* 138 : 01 [0, 0, 0] -> [1, 24296, 223]
* [ 223 ] = 24296
* ADD 1 24296 > [ 223 ]
* [ 223 ] = 24297
* 142 : 1101
* 142 : 01 [1, 1, 0]
* 142 : 01 [1, 1, 0] -> [50, 22, 225]
* 142 : 01 [1, 1, 0] -> [50, 22, 225]
* [ 225 ] = 4350
* ADD 50 22 > [ 225 ]
* [ 225 ] = 72
* 146 : 1001
* 146 : 01 [0, 1, 0]
* 146 : 01 [0, 1, 0] -> [218, 29, 224]
* 146 : 01 [0, 1, 0] -> [90, 29, 224]
* [ 224 ] = 1
* ADD 90 29 > [ 224 ]
* [ 224 ] = 119
* 150 : 101
* 150 : 01 [1, 0, 0]
* 150 : 01 [1, 0, 0] -> [-119, 224, 224]
* 150 : 01 [1, 0, 0] -> [-119, 119, 224]
* [ 224 ] = 119
* ADD -119 119 > [ 224 ]
* [ 224 ] = 0
* 154 : 4
* 154 : 04 [0, 0, 0]
* 154 : 04 [0, 0, 0] -> [224]
output: 0
* 156 : 102
* 156 : 02 [1, 0, 0]
* 156 : 02 [1, 0, 0] -> [8, 223, 223]
* 156 : 02 [1, 0, 0] -> [8, 24297, 223]
* [ 223 ] = 24297
* MULT 8 24297 > [ 223 ]
* [ 223 ] = 194376
* 160 : 1001
* 160 : 01 [0, 1, 0]
* 160 : 01 [0, 1, 0] -> [224, 2, 224]
* 160 : 01 [0, 1, 0] -> [0, 2, 224]
* [ 224 ] = 0
* ADD 0 2 > [ 224 ]
* [ 224 ] = 2
* 164 : 1
* 164 : 01 [0, 0, 0]
* 164 : 01 [0, 0, 0] -> [223, 224, 223]
* 164 : 01 [0, 0, 0] -> [194376, 2, 223]
* [ 223 ] = 194376
* ADD 194376 2 > [ 223 ]
* [ 223 ] = 194378
* 168 : 1101
* 168 : 01 [1, 1, 0]
* 168 : 01 [1, 1, 0] -> [48, 19, 224]
* 168 : 01 [1, 1, 0] -> [48, 19, 224]
* [ 224 ] = 2
* ADD 48 19 > [ 224 ]
* [ 224 ] = 67
* 172 : 1001
* 172 : 01 [0, 1, 0]
* 172 : 01 [0, 1, 0] -> [224, -67, 224]
* 172 : 01 [0, 1, 0] -> [67, -67, 224]
* [ 224 ] = 67
* ADD 67 -67 > [ 224 ]
* [ 224 ] = 0
* 176 : 4
* 176 : 04 [0, 0, 0]
* 176 : 04 [0, 0, 0] -> [224]
output: 0
* 178 : 102
* 178 : 02 [1, 0, 0]
* 178 : 02 [1, 0, 0] -> [8, 223, 223]
* 178 : 02 [1, 0, 0] -> [8, 194378, 223]
* [ 223 ] = 194378
* MULT 8 194378 > [ 223 ]
* [ 223 ] = 1555024
* 182 : 1001
* 182 : 01 [0, 1, 0]
* 182 : 01 [0, 1, 0] -> [224, 6, 224]
* 182 : 01 [0, 1, 0] -> [0, 6, 224]
* [ 224 ] = 0
* ADD 0 6 > [ 224 ]
* [ 224 ] = 6
* 186 : 1
* 186 : 01 [0, 0, 0]
* 186 : 01 [0, 0, 0] -> [223, 224, 223]
* 186 : 01 [0, 0, 0] -> [1555024, 6, 223]
* [ 223 ] = 1555024
* ADD 1555024 6 > [ 223 ]
* [ 223 ] = 1555030
* 190 : 1101
* 190 : 01 [1, 1, 0]
* 190 : 01 [1, 1, 0] -> [61, 77, 225]
* 190 : 01 [1, 1, 0] -> [61, 77, 225]
* [ 225 ] = 72
* ADD 61 77 > [ 225 ]
* [ 225 ] = 138
* 194 : 1
* 194 : 01 [0, 0, 0]
* 194 : 01 [0, 0, 0] -> [13, 74, 224]
* 194 : 01 [0, 0, 0] -> [45, 58, 224]
* [ 224 ] = 6
* ADD 45 58 > [ 224 ]
* [ 224 ] = 103
* 198 : 1001
* 198 : 01 [0, 1, 0]
* 198 : 01 [0, 1, 0] -> [224, -103, 224]
* 198 : 01 [0, 1, 0] -> [103, -103, 224]
* [ 224 ] = 103
* ADD 103 -103 > [ 224 ]
* [ 224 ] = 0
* 202 : 4
* 202 : 04 [0, 0, 0]
* 202 : 04 [0, 0, 0] -> [224]
output: 0
* 204 : 1002
* 204 : 02 [0, 1, 0]
* 204 : 02 [0, 1, 0] -> [223, 8, 223]
* 204 : 02 [0, 1, 0] -> [1555030, 8, 223]
* [ 223 ] = 1555030
* MULT 1555030 8 > [ 223 ]
* [ 223 ] = 12440240
* 208 : 101
* 208 : 01 [1, 0, 0]
* 208 : 01 [1, 0, 0] -> [3, 224, 224]
* 208 : 01 [1, 0, 0] -> [3, 0, 224]
* [ 224 ] = 0
* ADD 3 0 > [ 224 ]
* [ 224 ] = 3
* 212 : 1
* 212 : 01 [0, 0, 0]
* 212 : 01 [0, 0, 0] -> [224, 223, 223]
* 212 : 01 [0, 0, 0] -> [3, 12440240, 223]
* [ 223 ] = 12440240
* ADD 3 12440240 > [ 223 ]
* [ 223 ] = 12440243
* 216 : 1102
* 216 : 02 [1, 1, 0]
* 216 : 02 [1, 1, 0] -> [28, 90, 225]
* 216 : 02 [1, 1, 0] -> [28, 90, 225]
* [ 225 ] = 138
* MULT 28 90 > [ 225 ]
* [ 225 ] = 2520
* 220 : 4
* 220 : 04 [0, 0, 0]
* 220 : 04 [0, 0, 0] -> [223]
output: 12440243
* 222 : 99
* 222 : 99 [0, 0, 0]
* 222 : 99 []
