* 0 : 3
* 0 : 03 000
* 0 : 03 [1] -> [225]
* 0 : 03 [1] -> [225]
* [ 225 ] = 0
input? 5
* [ 225 ] = 5
* 2 : 1
* 2 : 01 000
* 2 : 01 [0, 0, 1] -> [225, 6, 6]
* 2 : 01 [0, 0, 1] -> [5, 1100, 6]
* [ 6 ] = 1100
* ADD 5 1100 > [ 6 ]
* [ 6 ] = 1105
* 6 : 1105
* 6 : 05 110
* 6 : 05 [1, 1] -> [1, 238]
* 6 : 05 [1, 1] -> [1, 238]
* JNZ 1 238
* 238 : 1105
* 238 : 05 110
* 238 : 05 [1, 1] -> [0, 99999]
* 238 : 05 [1, 1] -> [0, 99999]
* JNZ 0 99999
* 241 : 1105
* 241 : 05 110
* 241 : 05 [1, 1] -> [227, 247]
* 241 : 05 [1, 1] -> [227, 247]
* JNZ 227 247
* 247 : 1005
* 247 : 05 010
* 247 : 05 [0, 1] -> [227, 99999]
* 247 : 05 [0, 1] -> [0, 99999]
* JNZ 0 99999
* 250 : 1005
* 250 : 05 010
* 250 : 05 [0, 1] -> [0, 256]
* 250 : 05 [0, 1] -> [3, 256]
* JNZ 3 256
* 256 : 1106
* 256 : 06 110
* 256 : 06 [1, 1] -> [227, 99999]
* 256 : 06 [1, 1] -> [227, 99999]
* JZ 227 99999
* 259 : 1106
* 259 : 06 110
* 259 : 06 [1, 1] -> [0, 265]
* 259 : 06 [1, 1] -> [0, 265]
* JZ 0 265
* 265 : 1006
* 265 : 06 010
* 265 : 06 [0, 1] -> [0, 99999]
* 265 : 06 [0, 1] -> [3, 99999]
* JZ 3 99999
* 268 : 1006
* 268 : 06 010
* 268 : 06 [0, 1] -> [227, 274]
* 268 : 06 [0, 1] -> [0, 274]
* JZ 0 274
* 274 : 1105
* 274 : 05 110
* 274 : 05 [1, 1] -> [1, 280]
* 274 : 05 [1, 1] -> [1, 280]
* JNZ 1 280
* 280 : 1
* 280 : 01 000
* 280 : 01 [0, 0, 1] -> [225, 225, 225]
* 280 : 01 [0, 0, 1] -> [5, 5, 225]
* [ 225 ] = 5
* ADD 5 5 > [ 225 ]
* [ 225 ] = 10
* 284 : 1101
* 284 : 01 110
* 284 : 01 [1, 1, 1] -> [294, 0, 0]
* 284 : 01 [1, 1, 1] -> [294, 0, 0]
* [ 0 ] = 3
* ADD 294 0 > [ 0 ]
* [ 0 ] = 294
* 288 : 105
* 288 : 05 100
* 288 : 05 [1, 0] -> [1, 0]
* 288 : 05 [1, 0] -> [1, 294]
* JNZ 1 294
* 294 : 1106
* 294 : 06 110
* 294 : 06 [1, 1] -> [0, 300]
* 294 : 06 [1, 1] -> [0, 300]
* JZ 0 300
* 300 : 1
* 300 : 01 000
* 300 : 01 [0, 0, 1] -> [225, 225, 225]
* 300 : 01 [0, 0, 1] -> [10, 10, 225]
* [ 225 ] = 10
* ADD 10 10 > [ 225 ]
* [ 225 ] = 20
* 304 : 1101
* 304 : 01 110
* 304 : 01 [1, 1, 1] -> [314, 0, 0]
* 304 : 01 [1, 1, 1] -> [314, 0, 0]
* [ 0 ] = 294
* ADD 314 0 > [ 0 ]
* [ 0 ] = 314
* 308 : 106
* 308 : 06 100
* 308 : 06 [1, 0] -> [0, 0]
* 308 : 06 [1, 0] -> [0, 314]
* JZ 0 314
* 314 : 7
* 314 : 07 000
* 314 : 07 [0, 0, 1] -> [226, 677, 224]
* 314 : 07 [0, 0, 1] -> [677, 226, 224]
* [ 224 ] = 0
* LT 677 226 > 224
* [ 224 ] = 0
* 318 : 102
* 318 : 02 100
* 318 : 02 [1, 0, 1] -> [2, 223, 223]
* 318 : 02 [1, 0, 1] -> [2, 0, 223]
* [ 223 ] = 0
* MULT 2 0 > [ 223 ]
* [ 223 ] = 0
* 322 : 1005
* 322 : 05 010
* 322 : 05 [0, 1] -> [224, 329]
* 322 : 05 [0, 1] -> [0, 329]
* JNZ 0 329
* 325 : 1001
* 325 : 01 010
* 325 : 01 [0, 1, 1] -> [223, 1, 223]
* 325 : 01 [0, 1, 1] -> [0, 1, 223]
* [ 223 ] = 0
* ADD 0 1 > [ 223 ]
* [ 223 ] = 1
* 329 : 8
* 329 : 08 000
* 329 : 08 [0, 0, 1] -> [226, 677, 224]
* 329 : 08 [0, 0, 1] -> [677, 226, 224]
* [ 224 ] = 0
* EQ 677 226 > 224
* [ 224 ] = 0
* 333 : 1002
* 333 : 02 010
* 333 : 02 [0, 1, 1] -> [223, 2, 223]
* 333 : 02 [0, 1, 1] -> [1, 2, 223]
* [ 223 ] = 1
* MULT 1 2 > [ 223 ]
* [ 223 ] = 2
* 337 : 1005
* 337 : 05 010
* 337 : 05 [0, 1] -> [224, 344]
* 337 : 05 [0, 1] -> [0, 344]
* JNZ 0 344
* 340 : 101
* 340 : 01 100
* 340 : 01 [1, 0, 1] -> [1, 223, 223]
* 340 : 01 [1, 0, 1] -> [1, 2, 223]
* [ 223 ] = 2
* ADD 1 2 > [ 223 ]
* [ 223 ] = 3
* 344 : 8
* 344 : 08 000
* 344 : 08 [0, 0, 1] -> [226, 226, 224]
* 344 : 08 [0, 0, 1] -> [677, 677, 224]
* [ 224 ] = 0
* EQ 677 677 > 224
* [ 224 ] = 1
* 348 : 1002
* 348 : 02 010
* 348 : 02 [0, 1, 1] -> [223, 2, 223]
* 348 : 02 [0, 1, 1] -> [3, 2, 223]
* [ 223 ] = 3
* MULT 3 2 > [ 223 ]
* [ 223 ] = 6
* 352 : 1006
* 352 : 06 010
* 352 : 06 [0, 1] -> [224, 359]
* 352 : 06 [0, 1] -> [1, 359]
* JZ 1 359
* 355 : 101
* 355 : 01 100
* 355 : 01 [1, 0, 1] -> [1, 223, 223]
* 355 : 01 [1, 0, 1] -> [1, 6, 223]
* [ 223 ] = 6
* ADD 1 6 > [ 223 ]
* [ 223 ] = 7
* 359 : 1008
* 359 : 08 010
* 359 : 08 [0, 1, 1] -> [677, 226, 224]
* 359 : 08 [0, 1, 1] -> [226, 226, 224]
* [ 224 ] = 1
* EQ 226 226 > 224
* [ 224 ] = 1
* 363 : 1002
* 363 : 02 010
* 363 : 02 [0, 1, 1] -> [223, 2, 223]
* 363 : 02 [0, 1, 1] -> [7, 2, 223]
* [ 223 ] = 7
* MULT 7 2 > [ 223 ]
* [ 223 ] = 14
* 367 : 1005
* 367 : 05 010
* 367 : 05 [0, 1] -> [224, 374]
* 367 : 05 [0, 1] -> [1, 374]
* JNZ 1 374
* 374 : 108
* 374 : 08 100
* 374 : 08 [1, 0, 1] -> [677, 677, 224]
* 374 : 08 [1, 0, 1] -> [677, 226, 224]
* [ 224 ] = 1
* EQ 677 226 > 224
* [ 224 ] = 0
* 378 : 1002
* 378 : 02 010
* 378 : 02 [0, 1, 1] -> [223, 2, 223]
* 378 : 02 [0, 1, 1] -> [14, 2, 223]
* [ 223 ] = 14
* MULT 14 2 > [ 223 ]
* [ 223 ] = 28
* 382 : 1005
* 382 : 05 010
* 382 : 05 [0, 1] -> [224, 389]
* 382 : 05 [0, 1] -> [0, 389]
* JNZ 0 389
* 385 : 1001
* 385 : 01 010
* 385 : 01 [0, 1, 1] -> [223, 1, 223]
* 385 : 01 [0, 1, 1] -> [28, 1, 223]
* [ 223 ] = 28
* ADD 28 1 > [ 223 ]
* [ 223 ] = 29
* 389 : 1107
* 389 : 07 110
* 389 : 07 [1, 1, 1] -> [226, 677, 224]
* 389 : 07 [1, 1, 1] -> [226, 677, 224]
* [ 224 ] = 0
* LT 226 677 > 224
* [ 224 ] = 1
* 393 : 1002
* 393 : 02 010
* 393 : 02 [0, 1, 1] -> [223, 2, 223]
* 393 : 02 [0, 1, 1] -> [29, 2, 223]
* [ 223 ] = 29
* MULT 29 2 > [ 223 ]
* [ 223 ] = 58
* 397 : 1006
* 397 : 06 010
* 397 : 06 [0, 1] -> [224, 404]
* 397 : 06 [0, 1] -> [1, 404]
* JZ 1 404
* 400 : 101
* 400 : 01 100
* 400 : 01 [1, 0, 1] -> [1, 223, 223]
* 400 : 01 [1, 0, 1] -> [1, 58, 223]
* [ 223 ] = 58
* ADD 1 58 > [ 223 ]
* [ 223 ] = 59
* 404 : 1008
* 404 : 08 010
* 404 : 08 [0, 1, 1] -> [226, 226, 224]
* 404 : 08 [0, 1, 1] -> [677, 226, 224]
* [ 224 ] = 1
* EQ 677 226 > 224
* [ 224 ] = 0
* 408 : 102
* 408 : 02 100
* 408 : 02 [1, 0, 1] -> [2, 223, 223]
* 408 : 02 [1, 0, 1] -> [2, 59, 223]
* [ 223 ] = 59
* MULT 2 59 > [ 223 ]
* [ 223 ] = 118
* 412 : 1006
* 412 : 06 010
* 412 : 06 [0, 1] -> [224, 419]
* 412 : 06 [0, 1] -> [0, 419]
* JZ 0 419
* 419 : 7
* 419 : 07 000
* 419 : 07 [0, 0, 1] -> [677, 226, 224]
* 419 : 07 [0, 0, 1] -> [226, 677, 224]
* [ 224 ] = 0
* LT 226 677 > 224
* [ 224 ] = 1
* 423 : 1002
* 423 : 02 010
* 423 : 02 [0, 1, 1] -> [223, 2, 223]
* 423 : 02 [0, 1, 1] -> [118, 2, 223]
* [ 223 ] = 118
* MULT 118 2 > [ 223 ]
* [ 223 ] = 236
* 427 : 1005
* 427 : 05 010
* 427 : 05 [0, 1] -> [224, 434]
* 427 : 05 [0, 1] -> [1, 434]
* JNZ 1 434
* 434 : 1108
* 434 : 08 110
* 434 : 08 [1, 1, 1] -> [226, 226, 224]
* 434 : 08 [1, 1, 1] -> [226, 226, 224]
* [ 224 ] = 1
* EQ 226 226 > 224
* [ 224 ] = 1
* 438 : 1002
* 438 : 02 010
* 438 : 02 [0, 1, 1] -> [223, 2, 223]
* 438 : 02 [0, 1, 1] -> [236, 2, 223]
* [ 223 ] = 236
* MULT 236 2 > [ 223 ]
* [ 223 ] = 472
* 442 : 1005
* 442 : 05 010
* 442 : 05 [0, 1] -> [224, 449]
* 442 : 05 [0, 1] -> [1, 449]
* JNZ 1 449
* 449 : 7
* 449 : 07 000
* 449 : 07 [0, 0, 1] -> [226, 226, 224]
* 449 : 07 [0, 0, 1] -> [677, 677, 224]
* [ 224 ] = 1
* LT 677 677 > 224
* [ 224 ] = 0
* 453 : 102
* 453 : 02 100
* 453 : 02 [1, 0, 1] -> [2, 223, 223]
* 453 : 02 [1, 0, 1] -> [2, 472, 223]
* [ 223 ] = 472
* MULT 2 472 > [ 223 ]
* [ 223 ] = 944
* 457 : 1005
* 457 : 05 010
* 457 : 05 [0, 1] -> [224, 464]
* 457 : 05 [0, 1] -> [0, 464]
* JNZ 0 464
* 460 : 101
* 460 : 01 100
* 460 : 01 [1, 0, 1] -> [1, 223, 223]
* 460 : 01 [1, 0, 1] -> [1, 944, 223]
* [ 223 ] = 944
* ADD 1 944 > [ 223 ]
* [ 223 ] = 945
* 464 : 108
* 464 : 08 100
* 464 : 08 [1, 0, 1] -> [677, 226, 224]
* 464 : 08 [1, 0, 1] -> [677, 677, 224]
* [ 224 ] = 0
* EQ 677 677 > 224
* [ 224 ] = 1
* 468 : 102
* 468 : 02 100
* 468 : 02 [1, 0, 1] -> [2, 223, 223]
* 468 : 02 [1, 0, 1] -> [2, 945, 223]
* [ 223 ] = 945
* MULT 2 945 > [ 223 ]
* [ 223 ] = 1890
* 472 : 1005
* 472 : 05 010
* 472 : 05 [0, 1] -> [224, 479]
* 472 : 05 [0, 1] -> [1, 479]
* JNZ 1 479
* 479 : 1007
* 479 : 07 010
* 479 : 07 [0, 1, 1] -> [677, 226, 224]
* 479 : 07 [0, 1, 1] -> [226, 226, 224]
* [ 224 ] = 1
* LT 226 226 > 224
* [ 224 ] = 0
* 483 : 1002
* 483 : 02 010
* 483 : 02 [0, 1, 1] -> [223, 2, 223]
* 483 : 02 [0, 1, 1] -> [1890, 2, 223]
* [ 223 ] = 1890
* MULT 1890 2 > [ 223 ]
* [ 223 ] = 3780
* 487 : 1006
* 487 : 06 010
* 487 : 06 [0, 1] -> [224, 494]
* 487 : 06 [0, 1] -> [0, 494]
* JZ 0 494
* 494 : 1007
* 494 : 07 010
* 494 : 07 [0, 1, 1] -> [677, 677, 224]
* 494 : 07 [0, 1, 1] -> [226, 677, 224]
* [ 224 ] = 0
* LT 226 677 > 224
* [ 224 ] = 1
* 498 : 1002
* 498 : 02 010
* 498 : 02 [0, 1, 1] -> [223, 2, 223]
* 498 : 02 [0, 1, 1] -> [3780, 2, 223]
* [ 223 ] = 3780
* MULT 3780 2 > [ 223 ]
* [ 223 ] = 7560
* 502 : 1006
* 502 : 06 010
* 502 : 06 [0, 1] -> [224, 509]
* 502 : 06 [0, 1] -> [1, 509]
* JZ 1 509
* 505 : 1001
* 505 : 01 010
* 505 : 01 [0, 1, 1] -> [223, 1, 223]
* 505 : 01 [0, 1, 1] -> [7560, 1, 223]
* [ 223 ] = 7560
* ADD 7560 1 > [ 223 ]
* [ 223 ] = 7561
* 509 : 107
* 509 : 07 100
* 509 : 07 [1, 0, 1] -> [677, 677, 224]
* 509 : 07 [1, 0, 1] -> [677, 226, 224]
* [ 224 ] = 1
* LT 677 226 > 224
* [ 224 ] = 0
* 513 : 1002
* 513 : 02 010
* 513 : 02 [0, 1, 1] -> [223, 2, 223]
* 513 : 02 [0, 1, 1] -> [7561, 2, 223]
* [ 223 ] = 7561
* MULT 7561 2 > [ 223 ]
* [ 223 ] = 15122
* 517 : 1005
* 517 : 05 010
* 517 : 05 [0, 1] -> [224, 524]
* 517 : 05 [0, 1] -> [0, 524]
* JNZ 0 524
* 520 : 101
* 520 : 01 100
* 520 : 01 [1, 0, 1] -> [1, 223, 223]
* 520 : 01 [1, 0, 1] -> [1, 15122, 223]
* [ 223 ] = 15122
* ADD 1 15122 > [ 223 ]
* [ 223 ] = 15123
* 524 : 1108
* 524 : 08 110
* 524 : 08 [1, 1, 1] -> [226, 677, 224]
* 524 : 08 [1, 1, 1] -> [226, 677, 224]
* [ 224 ] = 0
* EQ 226 677 > 224
* [ 224 ] = 0
* 528 : 102
* 528 : 02 100
* 528 : 02 [1, 0, 1] -> [2, 223, 223]
* 528 : 02 [1, 0, 1] -> [2, 15123, 223]
* [ 223 ] = 15123
* MULT 2 15123 > [ 223 ]
* [ 223 ] = 30246
* 532 : 1006
* 532 : 06 010
* 532 : 06 [0, 1] -> [224, 539]
* 532 : 06 [0, 1] -> [0, 539]
* JZ 0 539
* 539 : 8
* 539 : 08 000
* 539 : 08 [0, 0, 1] -> [677, 226, 224]
* 539 : 08 [0, 0, 1] -> [226, 677, 224]
* [ 224 ] = 0
* EQ 226 677 > 224
* [ 224 ] = 0
* 543 : 102
* 543 : 02 100
* 543 : 02 [1, 0, 1] -> [2, 223, 223]
* 543 : 02 [1, 0, 1] -> [2, 30246, 223]
* [ 223 ] = 30246
* MULT 2 30246 > [ 223 ]
* [ 223 ] = 60492
* 547 : 1005
* 547 : 05 010
* 547 : 05 [0, 1] -> [224, 554]
* 547 : 05 [0, 1] -> [0, 554]
* JNZ 0 554
* 550 : 101
* 550 : 01 100
* 550 : 01 [1, 0, 1] -> [1, 223, 223]
* 550 : 01 [1, 0, 1] -> [1, 60492, 223]
* [ 223 ] = 60492
* ADD 1 60492 > [ 223 ]
* [ 223 ] = 60493
* 554 : 1007
* 554 : 07 010
* 554 : 07 [0, 1, 1] -> [226, 226, 224]
* 554 : 07 [0, 1, 1] -> [677, 226, 224]
* [ 224 ] = 0
* LT 677 226 > 224
* [ 224 ] = 0
* 558 : 102
* 558 : 02 100
* 558 : 02 [1, 0, 1] -> [2, 223, 223]
* 558 : 02 [1, 0, 1] -> [2, 60493, 223]
* [ 223 ] = 60493
* MULT 2 60493 > [ 223 ]
* [ 223 ] = 120986
* 562 : 1006
* 562 : 06 010
* 562 : 06 [0, 1] -> [224, 569]
* 562 : 06 [0, 1] -> [0, 569]
* JZ 0 569
* 569 : 107
* 569 : 07 100
* 569 : 07 [1, 0, 1] -> [677, 226, 224]
* 569 : 07 [1, 0, 1] -> [677, 677, 224]
* [ 224 ] = 0
* LT 677 677 > 224
* [ 224 ] = 0
* 573 : 102
* 573 : 02 100
* 573 : 02 [1, 0, 1] -> [2, 223, 223]
* 573 : 02 [1, 0, 1] -> [2, 120986, 223]
* [ 223 ] = 120986
* MULT 2 120986 > [ 223 ]
* [ 223 ] = 241972
* 577 : 1005
* 577 : 05 010
* 577 : 05 [0, 1] -> [224, 584]
* 577 : 05 [0, 1] -> [0, 584]
* JNZ 0 584
* 580 : 1001
* 580 : 01 010
* 580 : 01 [0, 1, 1] -> [223, 1, 223]
* 580 : 01 [0, 1, 1] -> [241972, 1, 223]
* [ 223 ] = 241972
* ADD 241972 1 > [ 223 ]
* [ 223 ] = 241973
* 584 : 108
* 584 : 08 100
* 584 : 08 [1, 0, 1] -> [226, 226, 224]
* 584 : 08 [1, 0, 1] -> [226, 677, 224]
* [ 224 ] = 0
* EQ 226 677 > 224
* [ 224 ] = 0
* 588 : 102
* 588 : 02 100
* 588 : 02 [1, 0, 1] -> [2, 223, 223]
* 588 : 02 [1, 0, 1] -> [2, 241973, 223]
* [ 223 ] = 241973
* MULT 2 241973 > [ 223 ]
* [ 223 ] = 483946
* 592 : 1006
* 592 : 06 010
* 592 : 06 [0, 1] -> [224, 599]
* 592 : 06 [0, 1] -> [0, 599]
* JZ 0 599
* 599 : 107
* 599 : 07 100
* 599 : 07 [1, 0, 1] -> [226, 226, 224]
* 599 : 07 [1, 0, 1] -> [226, 677, 224]
* [ 224 ] = 0
* LT 226 677 > 224
* [ 224 ] = 1
* 603 : 1002
* 603 : 02 010
* 603 : 02 [0, 1, 1] -> [223, 2, 223]
* 603 : 02 [0, 1, 1] -> [483946, 2, 223]
* [ 223 ] = 483946
* MULT 483946 2 > [ 223 ]
* [ 223 ] = 967892
* 607 : 1006
* 607 : 06 010
* 607 : 06 [0, 1] -> [224, 614]
* 607 : 06 [0, 1] -> [1, 614]
* JZ 1 614
* 610 : 1001
* 610 : 01 010
* 610 : 01 [0, 1, 1] -> [223, 1, 223]
* 610 : 01 [0, 1, 1] -> [967892, 1, 223]
* [ 223 ] = 967892
* ADD 967892 1 > [ 223 ]
* [ 223 ] = 967893
* 614 : 1108
* 614 : 08 110
* 614 : 08 [1, 1, 1] -> [677, 226, 224]
* 614 : 08 [1, 1, 1] -> [677, 226, 224]
* [ 224 ] = 1
* EQ 677 226 > 224
* [ 224 ] = 0
* 618 : 1002
* 618 : 02 010
* 618 : 02 [0, 1, 1] -> [223, 2, 223]
* 618 : 02 [0, 1, 1] -> [967893, 2, 223]
* [ 223 ] = 967893
* MULT 967893 2 > [ 223 ]
* [ 223 ] = 1935786
* 622 : 1005
* 622 : 05 010
* 622 : 05 [0, 1] -> [224, 629]
* 622 : 05 [0, 1] -> [0, 629]
* JNZ 0 629
* 625 : 1001
* 625 : 01 010
* 625 : 01 [0, 1, 1] -> [223, 1, 223]
* 625 : 01 [0, 1, 1] -> [1935786, 1, 223]
* [ 223 ] = 1935786
* ADD 1935786 1 > [ 223 ]
* [ 223 ] = 1935787
* 629 : 1107
* 629 : 07 110
* 629 : 07 [1, 1, 1] -> [677, 677, 224]
* 629 : 07 [1, 1, 1] -> [677, 677, 224]
* [ 224 ] = 0
* LT 677 677 > 224
* [ 224 ] = 0
* 633 : 102
* 633 : 02 100
* 633 : 02 [1, 0, 1] -> [2, 223, 223]
* 633 : 02 [1, 0, 1] -> [2, 1935787, 223]
* [ 223 ] = 1935787
* MULT 2 1935787 > [ 223 ]
* [ 223 ] = 3871574
* 637 : 1005
* 637 : 05 010
* 637 : 05 [0, 1] -> [224, 644]
* 637 : 05 [0, 1] -> [0, 644]
* JNZ 0 644
* 640 : 1001
* 640 : 01 010
* 640 : 01 [0, 1, 1] -> [223, 1, 223]
* 640 : 01 [0, 1, 1] -> [3871574, 1, 223]
* [ 223 ] = 3871574
* ADD 3871574 1 > [ 223 ]
* [ 223 ] = 3871575
* 644 : 1008
* 644 : 08 010
* 644 : 08 [0, 1, 1] -> [677, 677, 224]
* 644 : 08 [0, 1, 1] -> [226, 677, 224]
* [ 224 ] = 0
* EQ 226 677 > 224
* [ 224 ] = 0
* 648 : 102
* 648 : 02 100
* 648 : 02 [1, 0, 1] -> [2, 223, 223]
* 648 : 02 [1, 0, 1] -> [2, 3871575, 223]
* [ 223 ] = 3871575
* MULT 2 3871575 > [ 223 ]
* [ 223 ] = 7743150
* 652 : 1005
* 652 : 05 010
* 652 : 05 [0, 1] -> [224, 659]
* 652 : 05 [0, 1] -> [0, 659]
* JNZ 0 659
* 655 : 101
* 655 : 01 100
* 655 : 01 [1, 0, 1] -> [1, 223, 223]
* 655 : 01 [1, 0, 1] -> [1, 7743150, 223]
* [ 223 ] = 7743150
* ADD 1 7743150 > [ 223 ]
* [ 223 ] = 7743151
* 659 : 1107
* 659 : 07 110
* 659 : 07 [1, 1, 1] -> [677, 226, 224]
* 659 : 07 [1, 1, 1] -> [677, 226, 224]
* [ 224 ] = 0
* LT 677 226 > 224
* [ 224 ] = 0
* 663 : 1002
* 663 : 02 010
* 663 : 02 [0, 1, 1] -> [223, 2, 223]
* 663 : 02 [0, 1, 1] -> [7743151, 2, 223]
* [ 223 ] = 7743151
* MULT 7743151 2 > [ 223 ]
* [ 223 ] = 15486302
* 667 : 1006
* 667 : 06 010
* 667 : 06 [0, 1] -> [224, 674]
* 667 : 06 [0, 1] -> [0, 674]
* JZ 0 674
* 674 : 4
* 674 : 04 000
* 674 : 04 [0] -> [223]
* 674 : 04 [0] -> [15486302]
output: 15486302
* 676 : 99
* 676 : 99 000
* HALT
