* 0 : 3
* 0 : 03 00000000
* 0 : 03 1 [225] -> [225]
* [ 225 ] = 0
input? 5
* [ 225 ] = 5
* 2 : 1
* 2 : 01 00000000
* 2 : 01 001 [225, 6, 6] -> [5, 1100, 6]
* [ 6 ] = 1100
* 6 : ADD 5 1100 > [ 6 ]
* [ 6 ] = 1105
* 6 : 1105
* 6 : 05 00000011
* 6 : 05 11 [1, 238] -> [1, 238]
* 9 : JNZ 1 238
* 238 : 1105
* 238 : 05 00000011
* 238 : 05 11 [0, 99999] -> [0, 99999]
* 241 : JNZ 0 99999
* 241 : 1105
* 241 : 05 00000011
* 241 : 05 11 [227, 247] -> [227, 247]
* 244 : JNZ 227 247
* 247 : 1005
* 247 : 05 00000010
* 247 : 05 01 [227, 99999] -> [0, 99999]
* 250 : JNZ 0 99999
* 250 : 1005
* 250 : 05 00000010
* 250 : 05 01 [0, 256] -> [3, 256]
* 253 : JNZ 3 256
* 256 : 1106
* 256 : 06 00000011
* 256 : 06 11 [227, 99999] -> [227, 99999]
* 259 : JZ 227 99999
* 259 : 1106
* 259 : 06 00000011
* 259 : 06 11 [0, 265] -> [0, 265]
* 262 : JZ 0 265
* 265 : 1006
* 265 : 06 00000010
* 265 : 06 01 [0, 99999] -> [3, 99999]
* 268 : JZ 3 99999
* 268 : 1006
* 268 : 06 00000010
* 268 : 06 01 [227, 274] -> [0, 274]
* 271 : JZ 0 274
* 274 : 1105
* 274 : 05 00000011
* 274 : 05 11 [1, 280] -> [1, 280]
* 277 : JNZ 1 280
* 280 : 1
* 280 : 01 00000000
* 280 : 01 001 [225, 225, 225] -> [5, 5, 225]
* [ 225 ] = 5
* 284 : ADD 5 5 > [ 225 ]
* [ 225 ] = 10
* 284 : 1101
* 284 : 01 00000011
* 284 : 01 111 [294, 0, 0] -> [294, 0, 0]
* [ 0 ] = 3
* 288 : ADD 294 0 > [ 0 ]
* [ 0 ] = 294
* 288 : 105
* 288 : 05 00000001
* 288 : 05 10 [1, 0] -> [1, 294]
* 291 : JNZ 1 294
* 294 : 1106
* 294 : 06 00000011
* 294 : 06 11 [0, 300] -> [0, 300]
* 297 : JZ 0 300
* 300 : 1
* 300 : 01 00000000
* 300 : 01 001 [225, 225, 225] -> [10, 10, 225]
* [ 225 ] = 10
* 304 : ADD 10 10 > [ 225 ]
* [ 225 ] = 20
* 304 : 1101
* 304 : 01 00000011
* 304 : 01 111 [314, 0, 0] -> [314, 0, 0]
* [ 0 ] = 294
* 308 : ADD 314 0 > [ 0 ]
* [ 0 ] = 314
* 308 : 106
* 308 : 06 00000001
* 308 : 06 10 [0, 0] -> [0, 314]
* 311 : JZ 0 314
* 314 : 7
* 314 : 07 00000000
* 314 : 07 001 [226, 677, 224] -> [677, 226, 224]
* [ 224 ] = 0
* 318 : LT 677 226 > 224
* [ 224 ] = 0
* 318 : 102
* 318 : 02 00000001
* 318 : 02 101 [2, 223, 223] -> [2, 0, 223]
* [ 223 ] = 0
* 322 : MULT 2 0 > [ 223 ]
* [ 223 ] = 0
* 322 : 1005
* 322 : 05 00000010
* 322 : 05 01 [224, 329] -> [0, 329]
* 325 : JNZ 0 329
* 325 : 1001
* 325 : 01 00000010
* 325 : 01 011 [223, 1, 223] -> [0, 1, 223]
* [ 223 ] = 0
* 329 : ADD 0 1 > [ 223 ]
* [ 223 ] = 1
* 329 : 8
* 329 : 08 00000000
* 329 : 08 001 [226, 677, 224] -> [677, 226, 224]
* [ 224 ] = 0
* 333 : EQ 677 226 > 224
* [ 224 ] = 0
* 333 : 1002
* 333 : 02 00000010
* 333 : 02 011 [223, 2, 223] -> [1, 2, 223]
* [ 223 ] = 1
* 337 : MULT 1 2 > [ 223 ]
* [ 223 ] = 2
* 337 : 1005
* 337 : 05 00000010
* 337 : 05 01 [224, 344] -> [0, 344]
* 340 : JNZ 0 344
* 340 : 101
* 340 : 01 00000001
* 340 : 01 101 [1, 223, 223] -> [1, 2, 223]
* [ 223 ] = 2
* 344 : ADD 1 2 > [ 223 ]
* [ 223 ] = 3
* 344 : 8
* 344 : 08 00000000
* 344 : 08 001 [226, 226, 224] -> [677, 677, 224]
* [ 224 ] = 0
* 348 : EQ 677 677 > 224
* [ 224 ] = 1
* 348 : 1002
* 348 : 02 00000010
* 348 : 02 011 [223, 2, 223] -> [3, 2, 223]
* [ 223 ] = 3
* 352 : MULT 3 2 > [ 223 ]
* [ 223 ] = 6
* 352 : 1006
* 352 : 06 00000010
* 352 : 06 01 [224, 359] -> [1, 359]
* 355 : JZ 1 359
* 355 : 101
* 355 : 01 00000001
* 355 : 01 101 [1, 223, 223] -> [1, 6, 223]
* [ 223 ] = 6
* 359 : ADD 1 6 > [ 223 ]
* [ 223 ] = 7
* 359 : 1008
* 359 : 08 00000010
* 359 : 08 011 [677, 226, 224] -> [226, 226, 224]
* [ 224 ] = 1
* 363 : EQ 226 226 > 224
* [ 224 ] = 1
* 363 : 1002
* 363 : 02 00000010
* 363 : 02 011 [223, 2, 223] -> [7, 2, 223]
* [ 223 ] = 7
* 367 : MULT 7 2 > [ 223 ]
* [ 223 ] = 14
* 367 : 1005
* 367 : 05 00000010
* 367 : 05 01 [224, 374] -> [1, 374]
* 370 : JNZ 1 374
* 374 : 108
* 374 : 08 00000001
* 374 : 08 101 [677, 677, 224] -> [677, 226, 224]
* [ 224 ] = 1
* 378 : EQ 677 226 > 224
* [ 224 ] = 0
* 378 : 1002
* 378 : 02 00000010
* 378 : 02 011 [223, 2, 223] -> [14, 2, 223]
* [ 223 ] = 14
* 382 : MULT 14 2 > [ 223 ]
* [ 223 ] = 28
* 382 : 1005
* 382 : 05 00000010
* 382 : 05 01 [224, 389] -> [0, 389]
* 385 : JNZ 0 389
* 385 : 1001
* 385 : 01 00000010
* 385 : 01 011 [223, 1, 223] -> [28, 1, 223]
* [ 223 ] = 28
* 389 : ADD 28 1 > [ 223 ]
* [ 223 ] = 29
* 389 : 1107
* 389 : 07 00000011
* 389 : 07 111 [226, 677, 224] -> [226, 677, 224]
* [ 224 ] = 0
* 393 : LT 226 677 > 224
* [ 224 ] = 1
* 393 : 1002
* 393 : 02 00000010
* 393 : 02 011 [223, 2, 223] -> [29, 2, 223]
* [ 223 ] = 29
* 397 : MULT 29 2 > [ 223 ]
* [ 223 ] = 58
* 397 : 1006
* 397 : 06 00000010
* 397 : 06 01 [224, 404] -> [1, 404]
* 400 : JZ 1 404
* 400 : 101
* 400 : 01 00000001
* 400 : 01 101 [1, 223, 223] -> [1, 58, 223]
* [ 223 ] = 58
* 404 : ADD 1 58 > [ 223 ]
* [ 223 ] = 59
* 404 : 1008
* 404 : 08 00000010
* 404 : 08 011 [226, 226, 224] -> [677, 226, 224]
* [ 224 ] = 1
* 408 : EQ 677 226 > 224
* [ 224 ] = 0
* 408 : 102
* 408 : 02 00000001
* 408 : 02 101 [2, 223, 223] -> [2, 59, 223]
* [ 223 ] = 59
* 412 : MULT 2 59 > [ 223 ]
* [ 223 ] = 118
* 412 : 1006
* 412 : 06 00000010
* 412 : 06 01 [224, 419] -> [0, 419]
* 415 : JZ 0 419
* 419 : 7
* 419 : 07 00000000
* 419 : 07 001 [677, 226, 224] -> [226, 677, 224]
* [ 224 ] = 0
* 423 : LT 226 677 > 224
* [ 224 ] = 1
* 423 : 1002
* 423 : 02 00000010
* 423 : 02 011 [223, 2, 223] -> [118, 2, 223]
* [ 223 ] = 118
* 427 : MULT 118 2 > [ 223 ]
* [ 223 ] = 236
* 427 : 1005
* 427 : 05 00000010
* 427 : 05 01 [224, 434] -> [1, 434]
* 430 : JNZ 1 434
* 434 : 1108
* 434 : 08 00000011
* 434 : 08 111 [226, 226, 224] -> [226, 226, 224]
* [ 224 ] = 1
* 438 : EQ 226 226 > 224
* [ 224 ] = 1
* 438 : 1002
* 438 : 02 00000010
* 438 : 02 011 [223, 2, 223] -> [236, 2, 223]
* [ 223 ] = 236
* 442 : MULT 236 2 > [ 223 ]
* [ 223 ] = 472
* 442 : 1005
* 442 : 05 00000010
* 442 : 05 01 [224, 449] -> [1, 449]
* 445 : JNZ 1 449
* 449 : 7
* 449 : 07 00000000
* 449 : 07 001 [226, 226, 224] -> [677, 677, 224]
* [ 224 ] = 1
* 453 : LT 677 677 > 224
* [ 224 ] = 0
* 453 : 102
* 453 : 02 00000001
* 453 : 02 101 [2, 223, 223] -> [2, 472, 223]
* [ 223 ] = 472
* 457 : MULT 2 472 > [ 223 ]
* [ 223 ] = 944
* 457 : 1005
* 457 : 05 00000010
* 457 : 05 01 [224, 464] -> [0, 464]
* 460 : JNZ 0 464
* 460 : 101
* 460 : 01 00000001
* 460 : 01 101 [1, 223, 223] -> [1, 944, 223]
* [ 223 ] = 944
* 464 : ADD 1 944 > [ 223 ]
* [ 223 ] = 945
* 464 : 108
* 464 : 08 00000001
* 464 : 08 101 [677, 226, 224] -> [677, 677, 224]
* [ 224 ] = 0
* 468 : EQ 677 677 > 224
* [ 224 ] = 1
* 468 : 102
* 468 : 02 00000001
* 468 : 02 101 [2, 223, 223] -> [2, 945, 223]
* [ 223 ] = 945
* 472 : MULT 2 945 > [ 223 ]
* [ 223 ] = 1890
* 472 : 1005
* 472 : 05 00000010
* 472 : 05 01 [224, 479] -> [1, 479]
* 475 : JNZ 1 479
* 479 : 1007
* 479 : 07 00000010
* 479 : 07 011 [677, 226, 224] -> [226, 226, 224]
* [ 224 ] = 1
* 483 : LT 226 226 > 224
* [ 224 ] = 0
* 483 : 1002
* 483 : 02 00000010
* 483 : 02 011 [223, 2, 223] -> [1890, 2, 223]
* [ 223 ] = 1890
* 487 : MULT 1890 2 > [ 223 ]
* [ 223 ] = 3780
* 487 : 1006
* 487 : 06 00000010
* 487 : 06 01 [224, 494] -> [0, 494]
* 490 : JZ 0 494
* 494 : 1007
* 494 : 07 00000010
* 494 : 07 011 [677, 677, 224] -> [226, 677, 224]
* [ 224 ] = 0
* 498 : LT 226 677 > 224
* [ 224 ] = 1
* 498 : 1002
* 498 : 02 00000010
* 498 : 02 011 [223, 2, 223] -> [3780, 2, 223]
* [ 223 ] = 3780
* 502 : MULT 3780 2 > [ 223 ]
* [ 223 ] = 7560
* 502 : 1006
* 502 : 06 00000010
* 502 : 06 01 [224, 509] -> [1, 509]
* 505 : JZ 1 509
* 505 : 1001
* 505 : 01 00000010
* 505 : 01 011 [223, 1, 223] -> [7560, 1, 223]
* [ 223 ] = 7560
* 509 : ADD 7560 1 > [ 223 ]
* [ 223 ] = 7561
* 509 : 107
* 509 : 07 00000001
* 509 : 07 101 [677, 677, 224] -> [677, 226, 224]
* [ 224 ] = 1
* 513 : LT 677 226 > 224
* [ 224 ] = 0
* 513 : 1002
* 513 : 02 00000010
* 513 : 02 011 [223, 2, 223] -> [7561, 2, 223]
* [ 223 ] = 7561
* 517 : MULT 7561 2 > [ 223 ]
* [ 223 ] = 15122
* 517 : 1005
* 517 : 05 00000010
* 517 : 05 01 [224, 524] -> [0, 524]
* 520 : JNZ 0 524
* 520 : 101
* 520 : 01 00000001
* 520 : 01 101 [1, 223, 223] -> [1, 15122, 223]
* [ 223 ] = 15122
* 524 : ADD 1 15122 > [ 223 ]
* [ 223 ] = 15123
* 524 : 1108
* 524 : 08 00000011
* 524 : 08 111 [226, 677, 224] -> [226, 677, 224]
* [ 224 ] = 0
* 528 : EQ 226 677 > 224
* [ 224 ] = 0
* 528 : 102
* 528 : 02 00000001
* 528 : 02 101 [2, 223, 223] -> [2, 15123, 223]
* [ 223 ] = 15123
* 532 : MULT 2 15123 > [ 223 ]
* [ 223 ] = 30246
* 532 : 1006
* 532 : 06 00000010
* 532 : 06 01 [224, 539] -> [0, 539]
* 535 : JZ 0 539
* 539 : 8
* 539 : 08 00000000
* 539 : 08 001 [677, 226, 224] -> [226, 677, 224]
* [ 224 ] = 0
* 543 : EQ 226 677 > 224
* [ 224 ] = 0
* 543 : 102
* 543 : 02 00000001
* 543 : 02 101 [2, 223, 223] -> [2, 30246, 223]
* [ 223 ] = 30246
* 547 : MULT 2 30246 > [ 223 ]
* [ 223 ] = 60492
* 547 : 1005
* 547 : 05 00000010
* 547 : 05 01 [224, 554] -> [0, 554]
* 550 : JNZ 0 554
* 550 : 101
* 550 : 01 00000001
* 550 : 01 101 [1, 223, 223] -> [1, 60492, 223]
* [ 223 ] = 60492
* 554 : ADD 1 60492 > [ 223 ]
* [ 223 ] = 60493
* 554 : 1007
* 554 : 07 00000010
* 554 : 07 011 [226, 226, 224] -> [677, 226, 224]
* [ 224 ] = 0
* 558 : LT 677 226 > 224
* [ 224 ] = 0
* 558 : 102
* 558 : 02 00000001
* 558 : 02 101 [2, 223, 223] -> [2, 60493, 223]
* [ 223 ] = 60493
* 562 : MULT 2 60493 > [ 223 ]
* [ 223 ] = 120986
* 562 : 1006
* 562 : 06 00000010
* 562 : 06 01 [224, 569] -> [0, 569]
* 565 : JZ 0 569
* 569 : 107
* 569 : 07 00000001
* 569 : 07 101 [677, 226, 224] -> [677, 677, 224]
* [ 224 ] = 0
* 573 : LT 677 677 > 224
* [ 224 ] = 0
* 573 : 102
* 573 : 02 00000001
* 573 : 02 101 [2, 223, 223] -> [2, 120986, 223]
* [ 223 ] = 120986
* 577 : MULT 2 120986 > [ 223 ]
* [ 223 ] = 241972
* 577 : 1005
* 577 : 05 00000010
* 577 : 05 01 [224, 584] -> [0, 584]
* 580 : JNZ 0 584
* 580 : 1001
* 580 : 01 00000010
* 580 : 01 011 [223, 1, 223] -> [241972, 1, 223]
* [ 223 ] = 241972
* 584 : ADD 241972 1 > [ 223 ]
* [ 223 ] = 241973
* 584 : 108
* 584 : 08 00000001
* 584 : 08 101 [226, 226, 224] -> [226, 677, 224]
* [ 224 ] = 0
* 588 : EQ 226 677 > 224
* [ 224 ] = 0
* 588 : 102
* 588 : 02 00000001
* 588 : 02 101 [2, 223, 223] -> [2, 241973, 223]
* [ 223 ] = 241973
* 592 : MULT 2 241973 > [ 223 ]
* [ 223 ] = 483946
* 592 : 1006
* 592 : 06 00000010
* 592 : 06 01 [224, 599] -> [0, 599]
* 595 : JZ 0 599
* 599 : 107
* 599 : 07 00000001
* 599 : 07 101 [226, 226, 224] -> [226, 677, 224]
* [ 224 ] = 0
* 603 : LT 226 677 > 224
* [ 224 ] = 1
* 603 : 1002
* 603 : 02 00000010
* 603 : 02 011 [223, 2, 223] -> [483946, 2, 223]
* [ 223 ] = 483946
* 607 : MULT 483946 2 > [ 223 ]
* [ 223 ] = 967892
* 607 : 1006
* 607 : 06 00000010
* 607 : 06 01 [224, 614] -> [1, 614]
* 610 : JZ 1 614
* 610 : 1001
* 610 : 01 00000010
* 610 : 01 011 [223, 1, 223] -> [967892, 1, 223]
* [ 223 ] = 967892
* 614 : ADD 967892 1 > [ 223 ]
* [ 223 ] = 967893
* 614 : 1108
* 614 : 08 00000011
* 614 : 08 111 [677, 226, 224] -> [677, 226, 224]
* [ 224 ] = 1
* 618 : EQ 677 226 > 224
* [ 224 ] = 0
* 618 : 1002
* 618 : 02 00000010
* 618 : 02 011 [223, 2, 223] -> [967893, 2, 223]
* [ 223 ] = 967893
* 622 : MULT 967893 2 > [ 223 ]
* [ 223 ] = 1935786
* 622 : 1005
* 622 : 05 00000010
* 622 : 05 01 [224, 629] -> [0, 629]
* 625 : JNZ 0 629
* 625 : 1001
* 625 : 01 00000010
* 625 : 01 011 [223, 1, 223] -> [1935786, 1, 223]
* [ 223 ] = 1935786
* 629 : ADD 1935786 1 > [ 223 ]
* [ 223 ] = 1935787
* 629 : 1107
* 629 : 07 00000011
* 629 : 07 111 [677, 677, 224] -> [677, 677, 224]
* [ 224 ] = 0
* 633 : LT 677 677 > 224
* [ 224 ] = 0
* 633 : 102
* 633 : 02 00000001
* 633 : 02 101 [2, 223, 223] -> [2, 1935787, 223]
* [ 223 ] = 1935787
* 637 : MULT 2 1935787 > [ 223 ]
* [ 223 ] = 3871574
* 637 : 1005
* 637 : 05 00000010
* 637 : 05 01 [224, 644] -> [0, 644]
* 640 : JNZ 0 644
* 640 : 1001
* 640 : 01 00000010
* 640 : 01 011 [223, 1, 223] -> [3871574, 1, 223]
* [ 223 ] = 3871574
* 644 : ADD 3871574 1 > [ 223 ]
* [ 223 ] = 3871575
* 644 : 1008
* 644 : 08 00000010
* 644 : 08 011 [677, 677, 224] -> [226, 677, 224]
* [ 224 ] = 0
* 648 : EQ 226 677 > 224
* [ 224 ] = 0
* 648 : 102
* 648 : 02 00000001
* 648 : 02 101 [2, 223, 223] -> [2, 3871575, 223]
* [ 223 ] = 3871575
* 652 : MULT 2 3871575 > [ 223 ]
* [ 223 ] = 7743150
* 652 : 1005
* 652 : 05 00000010
* 652 : 05 01 [224, 659] -> [0, 659]
* 655 : JNZ 0 659
* 655 : 101
* 655 : 01 00000001
* 655 : 01 101 [1, 223, 223] -> [1, 7743150, 223]
* [ 223 ] = 7743150
* 659 : ADD 1 7743150 > [ 223 ]
* [ 223 ] = 7743151
* 659 : 1107
* 659 : 07 00000011
* 659 : 07 111 [677, 226, 224] -> [677, 226, 224]
* [ 224 ] = 0
* 663 : LT 677 226 > 224
* [ 224 ] = 0
* 663 : 1002
* 663 : 02 00000010
* 663 : 02 011 [223, 2, 223] -> [7743151, 2, 223]
* [ 223 ] = 7743151
* 667 : MULT 7743151 2 > [ 223 ]
* [ 223 ] = 15486302
* 667 : 1006
* 667 : 06 00000010
* 667 : 06 01 [224, 674] -> [0, 674]
* 670 : JZ 0 674
* 674 : 4
* 674 : 04 00000000
* 674 : 04 0 [223] -> [15486302]
output: 15486302
* 676 : 99
* 676 : 99 00000000
* 676 : HALT
