* 0 : 3
* 0 : 03 00000000
* 0 : 03 1 [225] -> [225]
* [ 225 ] = 0
input? * [ 225 ] = 5
* 2 : 1
* 2 : 01 00000000
* 2 : 01 001 [225, 6, 6] -> [5, 1100, 6]
* [ 6 ] = 1100
* 6 : ADD 5 1100 > [ 6 ]
* [ 6 ] = 1105
* 6 : 1105
* 6 : 05 00000011
* 6 : 05 11 [1, 238] -> [1, 238]
* 9 : JNZ 1 238
* 238 : 1105
* 238 : 05 00000011
* 238 : 05 11 [0, 99999] -> [0, 99999]
* 241 : JNZ 0 99999
* 241 : 1105
* 241 : 05 00000011
* 241 : 05 11 [227, 247] -> [227, 247]
* 244 : JNZ 227 247
* 247 : 1005
* 247 : 05 00000010
* 247 : 05 01 [227, 99999] -> [0, 99999]
* 250 : JNZ 0 99999
* 250 : 1005
* 250 : 05 00000010
* 250 : 05 01 [0, 256] -> [3, 256]
* 253 : JNZ 3 256
* 256 : 1106
* 256 : 06 00000011
* 256 : 06 11 [227, 99999] -> [227, 99999]
* 259 : JZ 227 99999
* 259 : 1106
* 259 : 06 00000011
* 259 : 06 11 [0, 265] -> [0, 265]
* 262 : JZ 0 265
* 265 : 1006
* 265 : 06 00000010
* 265 : 06 01 [0, 99999] -> [3, 99999]
* 268 : JZ 3 99999
* 268 : 1006
* 268 : 06 00000010
* 268 : 06 01 [227, 274] -> [0, 274]
* 271 : JZ 0 274
* 274 : 1105
* 274 : 05 00000011
* 274 : 05 11 [1, 280] -> [1, 280]
* 277 : JNZ 1 280
* 280 : 1
* 280 : 01 00000000
* 280 : 01 001 [225, 225, 225] -> [5, 5, 225]
* [ 225 ] = 5
* 284 : ADD 5 5 > [ 225 ]
* [ 225 ] = 10
* 284 : 1101
* 284 : 01 00000011
* 284 : 01 111 [294, 0, 0] -> [294, 0, 0]
* [ 0 ] = 3
* 288 : ADD 294 0 > [ 0 ]
* [ 0 ] = 294
* 288 : 105
* 288 : 05 00000001
* 288 : 05 10 [1, 0] -> [1, 294]
* 291 : JNZ 1 294
* 294 : 1106
* 294 : 06 00000011
* 294 : 06 11 [0, 300] -> [0, 300]
* 297 : JZ 0 300
* 300 : 1
* 300 : 01 00000000
* 300 : 01 001 [225, 225, 225] -> [10, 10, 225]
* [ 225 ] = 10
* 304 : ADD 10 10 > [ 225 ]
* [ 225 ] = 20
* 304 : 1101
* 304 : 01 00000011
* 304 : 01 111 [314, 0, 0] -> [314, 0, 0]
* [ 0 ] = 294
* 308 : ADD 314 0 > [ 0 ]
* [ 0 ] = 314
* 308 : 106
* 308 : 06 00000001
* 308 : 06 10 [0, 0] -> [0, 314]
* 311 : JZ 0 314
* 314 : 108
* 314 : 08 00000001
* 314 : 08 101 [677, 677, 224] -> [677, 226, 224]
* [ 224 ] = 0
* 318 : EQ 677 226 > 224
* [ 224 ] = 0
* 318 : 102
* 318 : 02 00000001
* 318 : 02 101 [2, 223, 223] -> [2, 0, 223]
* [ 223 ] = 0
* 322 : MULT 2 0 > [ 223 ]
* [ 223 ] = 0
* 322 : 1005
* 322 : 05 00000010
* 322 : 05 01 [224, 329] -> [0, 329]
* 325 : JNZ 0 329
* 325 : 1001
* 325 : 01 00000010
* 325 : 01 011 [223, 1, 223] -> [0, 1, 223]
* [ 223 ] = 0
* 329 : ADD 0 1 > [ 223 ]
* [ 223 ] = 1
* 329 : 1107
* 329 : 07 00000011
* 329 : 07 111 [677, 226, 224] -> [677, 226, 224]
* [ 224 ] = 0
* 333 : LT 677 226 > 224
* [ 224 ] = 0
* 333 : 102
* 333 : 02 00000001
* 333 : 02 101 [2, 223, 223] -> [2, 1, 223]
* [ 223 ] = 1
* 337 : MULT 2 1 > [ 223 ]
* [ 223 ] = 2
* 337 : 1006
* 337 : 06 00000010
* 337 : 06 01 [224, 344] -> [0, 344]
* 340 : JZ 0 344
* 344 : 108
* 344 : 08 00000001
* 344 : 08 101 [226, 226, 224] -> [226, 677, 224]
* [ 224 ] = 0
* 348 : EQ 226 677 > 224
* [ 224 ] = 0
* 348 : 102
* 348 : 02 00000001
* 348 : 02 101 [2, 223, 223] -> [2, 2, 223]
* [ 223 ] = 2
* 352 : MULT 2 2 > [ 223 ]
* [ 223 ] = 4
* 352 : 1005
* 352 : 05 00000010
* 352 : 05 01 [224, 359] -> [0, 359]
* 355 : JNZ 0 359
* 355 : 1001
* 355 : 01 00000010
* 355 : 01 011 [223, 1, 223] -> [4, 1, 223]
* [ 223 ] = 4
* 359 : ADD 4 1 > [ 223 ]
* [ 223 ] = 5
* 359 : 1108
* 359 : 08 00000011
* 359 : 08 111 [677, 226, 224] -> [677, 226, 224]
* [ 224 ] = 0
* 363 : EQ 677 226 > 224
* [ 224 ] = 0
* 363 : 102
* 363 : 02 00000001
* 363 : 02 101 [2, 223, 223] -> [2, 5, 223]
* [ 223 ] = 5
* 367 : MULT 2 5 > [ 223 ]
* [ 223 ] = 10
* 367 : 1006
* 367 : 06 00000010
* 367 : 06 01 [224, 374] -> [0, 374]
* 370 : JZ 0 374
* 374 : 108
* 374 : 08 00000001
* 374 : 08 101 [677, 226, 224] -> [677, 677, 224]
* [ 224 ] = 0
* 378 : EQ 677 677 > 224
* [ 224 ] = 1
* 378 : 102
* 378 : 02 00000001
* 378 : 02 101 [2, 223, 223] -> [2, 10, 223]
* [ 223 ] = 10
* 382 : MULT 2 10 > [ 223 ]
* [ 223 ] = 20
* 382 : 1006
* 382 : 06 00000010
* 382 : 06 01 [224, 389] -> [1, 389]
* 385 : JZ 1 389
* 385 : 1001
* 385 : 01 00000010
* 385 : 01 011 [223, 1, 223] -> [20, 1, 223]
* [ 223 ] = 20
* 389 : ADD 20 1 > [ 223 ]
* [ 223 ] = 21
* 389 : 107
* 389 : 07 00000001
* 389 : 07 101 [226, 226, 224] -> [226, 677, 224]
* [ 224 ] = 1
* 393 : LT 226 677 > 224
* [ 224 ] = 1
* 393 : 102
* 393 : 02 00000001
* 393 : 02 101 [2, 223, 223] -> [2, 21, 223]
* [ 223 ] = 21
* 397 : MULT 2 21 > [ 223 ]
* [ 223 ] = 42
* 397 : 1005
* 397 : 05 00000010
* 397 : 05 01 [224, 404] -> [1, 404]
* 400 : JNZ 1 404
* 404 : 8
* 404 : 08 00000000
* 404 : 08 001 [226, 226, 224] -> [677, 677, 224]
* [ 224 ] = 1
* 408 : EQ 677 677 > 224
* [ 224 ] = 1
* 408 : 102
* 408 : 02 00000001
* 408 : 02 101 [2, 223, 223] -> [2, 42, 223]
* [ 223 ] = 42
* 412 : MULT 2 42 > [ 223 ]
* [ 223 ] = 84
* 412 : 1006
* 412 : 06 00000010
* 412 : 06 01 [224, 419] -> [1, 419]
* 415 : JZ 1 419
* 415 : 101
* 415 : 01 00000001
* 415 : 01 101 [1, 223, 223] -> [1, 84, 223]
* [ 223 ] = 84
* 419 : ADD 1 84 > [ 223 ]
* [ 223 ] = 85
* 419 : 1107
* 419 : 07 00000011
* 419 : 07 111 [677, 677, 224] -> [677, 677, 224]
* [ 224 ] = 1
* 423 : LT 677 677 > 224
* [ 224 ] = 0
* 423 : 102
* 423 : 02 00000001
* 423 : 02 101 [2, 223, 223] -> [2, 85, 223]
* [ 223 ] = 85
* 427 : MULT 2 85 > [ 223 ]
* [ 223 ] = 170
* 427 : 1006
* 427 : 06 00000010
* 427 : 06 01 [224, 434] -> [0, 434]
* 430 : JZ 0 434
* 434 : 1107
* 434 : 07 00000011
* 434 : 07 111 [226, 677, 224] -> [226, 677, 224]
* [ 224 ] = 0
* 438 : LT 226 677 > 224
* [ 224 ] = 1
* 438 : 1002
* 438 : 02 00000010
* 438 : 02 011 [223, 2, 223] -> [170, 2, 223]
* [ 223 ] = 170
* 442 : MULT 170 2 > [ 223 ]
* [ 223 ] = 340
* 442 : 1006
* 442 : 06 00000010
* 442 : 06 01 [224, 449] -> [1, 449]
* 445 : JZ 1 449
* 445 : 101
* 445 : 01 00000001
* 445 : 01 101 [1, 223, 223] -> [1, 340, 223]
* [ 223 ] = 340
* 449 : ADD 1 340 > [ 223 ]
* [ 223 ] = 341
* 449 : 7
* 449 : 07 00000000
* 449 : 07 001 [677, 677, 224] -> [226, 226, 224]
* [ 224 ] = 1
* 453 : LT 226 226 > 224
* [ 224 ] = 0
* 453 : 1002
* 453 : 02 00000010
* 453 : 02 011 [223, 2, 223] -> [341, 2, 223]
* [ 223 ] = 341
* 457 : MULT 341 2 > [ 223 ]
* [ 223 ] = 682
* 457 : 1006
* 457 : 06 00000010
* 457 : 06 01 [224, 464] -> [0, 464]
* 460 : JZ 0 464
* 464 : 1108
* 464 : 08 00000011
* 464 : 08 111 [226, 677, 224] -> [226, 677, 224]
* [ 224 ] = 0
* 468 : EQ 226 677 > 224
* [ 224 ] = 0
* 468 : 1002
* 468 : 02 00000010
* 468 : 02 011 [223, 2, 223] -> [682, 2, 223]
* [ 223 ] = 682
* 472 : MULT 682 2 > [ 223 ]
* [ 223 ] = 1364
* 472 : 1005
* 472 : 05 00000010
* 472 : 05 01 [224, 479] -> [0, 479]
* 475 : JNZ 0 479
* 475 : 1001
* 475 : 01 00000010
* 475 : 01 011 [223, 1, 223] -> [1364, 1, 223]
* [ 223 ] = 1364
* 479 : ADD 1364 1 > [ 223 ]
* [ 223 ] = 1365
* 479 : 8
* 479 : 08 00000000
* 479 : 08 001 [677, 226, 224] -> [226, 677, 224]
* [ 224 ] = 0
* 483 : EQ 226 677 > 224
* [ 224 ] = 0
* 483 : 1002
* 483 : 02 00000010
* 483 : 02 011 [223, 2, 223] -> [1365, 2, 223]
* [ 223 ] = 1365
* 487 : MULT 1365 2 > [ 223 ]
* [ 223 ] = 2730
* 487 : 1005
* 487 : 05 00000010
* 487 : 05 01 [224, 494] -> [0, 494]
* 490 : JNZ 0 494
* 490 : 101
* 490 : 01 00000001
* 490 : 01 101 [1, 223, 223] -> [1, 2730, 223]
* [ 223 ] = 2730
* 494 : ADD 1 2730 > [ 223 ]
* [ 223 ] = 2731
* 494 : 7
* 494 : 07 00000000
* 494 : 07 001 [226, 677, 224] -> [677, 226, 224]
* [ 224 ] = 0
* 498 : LT 677 226 > 224
* [ 224 ] = 0
* 498 : 102
* 498 : 02 00000001
* 498 : 02 101 [2, 223, 223] -> [2, 2731, 223]
* [ 223 ] = 2731
* 502 : MULT 2 2731 > [ 223 ]
* [ 223 ] = 5462
* 502 : 1005
* 502 : 05 00000010
* 502 : 05 01 [224, 509] -> [0, 509]
* 505 : JNZ 0 509
* 505 : 101
* 505 : 01 00000001
* 505 : 01 101 [1, 223, 223] -> [1, 5462, 223]
* [ 223 ] = 5462
* 509 : ADD 1 5462 > [ 223 ]
* [ 223 ] = 5463
* 509 : 1008
* 509 : 08 00000010
* 509 : 08 011 [677, 226, 224] -> [226, 226, 224]
* [ 224 ] = 0
* 513 : EQ 226 226 > 224
* [ 224 ] = 1
* 513 : 102
* 513 : 02 00000001
* 513 : 02 101 [2, 223, 223] -> [2, 5463, 223]
* [ 223 ] = 5463
* 517 : MULT 2 5463 > [ 223 ]
* [ 223 ] = 10926
* 517 : 1006
* 517 : 06 00000010
* 517 : 06 01 [224, 524] -> [1, 524]
* 520 : JZ 1 524
* 520 : 101
* 520 : 01 00000001
* 520 : 01 101 [1, 223, 223] -> [1, 10926, 223]
* [ 223 ] = 10926
* 524 : ADD 1 10926 > [ 223 ]
* [ 223 ] = 10927
* 524 : 8
* 524 : 08 00000000
* 524 : 08 001 [226, 677, 224] -> [677, 226, 224]
* [ 224 ] = 1
* 528 : EQ 677 226 > 224
* [ 224 ] = 0
* 528 : 1002
* 528 : 02 00000010
* 528 : 02 011 [223, 2, 223] -> [10927, 2, 223]
* [ 223 ] = 10927
* 532 : MULT 10927 2 > [ 223 ]
* [ 223 ] = 21854
* 532 : 1006
* 532 : 06 00000010
* 532 : 06 01 [224, 539] -> [0, 539]
* 535 : JZ 0 539
* 539 : 1007
* 539 : 07 00000010
* 539 : 07 011 [677, 677, 224] -> [226, 677, 224]
* [ 224 ] = 0
* 543 : LT 226 677 > 224
* [ 224 ] = 1
* 543 : 102
* 543 : 02 00000001
* 543 : 02 101 [2, 223, 223] -> [2, 21854, 223]
* [ 223 ] = 21854
* 547 : MULT 2 21854 > [ 223 ]
* [ 223 ] = 43708
* 547 : 1005
* 547 : 05 00000010
* 547 : 05 01 [224, 554] -> [1, 554]
* 550 : JNZ 1 554
* 554 : 107
* 554 : 07 00000001
* 554 : 07 101 [226, 677, 224] -> [226, 226, 224]
* [ 224 ] = 1
* 558 : LT 226 226 > 224
* [ 224 ] = 0
* 558 : 1002
* 558 : 02 00000010
* 558 : 02 011 [223, 2, 223] -> [43708, 2, 223]
* [ 223 ] = 43708
* 562 : MULT 43708 2 > [ 223 ]
* [ 223 ] = 87416
* 562 : 1005
* 562 : 05 00000010
* 562 : 05 01 [224, 569] -> [0, 569]
* 565 : JNZ 0 569
* 565 : 1001
* 565 : 01 00000010
* 565 : 01 011 [223, 1, 223] -> [87416, 1, 223]
* [ 223 ] = 87416
* 569 : ADD 87416 1 > [ 223 ]
* [ 223 ] = 87417
* 569 : 1108
* 569 : 08 00000011
* 569 : 08 111 [677, 677, 224] -> [677, 677, 224]
* [ 224 ] = 0
* 573 : EQ 677 677 > 224
* [ 224 ] = 1
* 573 : 1002
* 573 : 02 00000010
* 573 : 02 011 [223, 2, 223] -> [87417, 2, 223]
* [ 223 ] = 87417
* 577 : MULT 87417 2 > [ 223 ]
* [ 223 ] = 174834
* 577 : 1006
* 577 : 06 00000010
* 577 : 06 01 [224, 584] -> [1, 584]
* 580 : JZ 1 584
* 580 : 1001
* 580 : 01 00000010
* 580 : 01 011 [223, 1, 223] -> [174834, 1, 223]
* [ 223 ] = 174834
* 584 : ADD 174834 1 > [ 223 ]
* [ 223 ] = 174835
* 584 : 1008
* 584 : 08 00000010
* 584 : 08 011 [226, 226, 224] -> [677, 226, 224]
* [ 224 ] = 1
* 588 : EQ 677 226 > 224
* [ 224 ] = 0
* 588 : 1002
* 588 : 02 00000010
* 588 : 02 011 [223, 2, 223] -> [174835, 2, 223]
* [ 223 ] = 174835
* 592 : MULT 174835 2 > [ 223 ]
* [ 223 ] = 349670
* 592 : 1005
* 592 : 05 00000010
* 592 : 05 01 [224, 599] -> [0, 599]
* 595 : JNZ 0 599
* 595 : 101
* 595 : 01 00000001
* 595 : 01 101 [1, 223, 223] -> [1, 349670, 223]
* [ 223 ] = 349670
* 599 : ADD 1 349670 > [ 223 ]
* [ 223 ] = 349671
* 599 : 1008
* 599 : 08 00000010
* 599 : 08 011 [677, 677, 224] -> [226, 677, 224]
* [ 224 ] = 0
* 603 : EQ 226 677 > 224
* [ 224 ] = 0
* 603 : 102
* 603 : 02 00000001
* 603 : 02 101 [2, 223, 223] -> [2, 349671, 223]
* [ 223 ] = 349671
* 607 : MULT 2 349671 > [ 223 ]
* [ 223 ] = 699342
* 607 : 1005
* 607 : 05 00000010
* 607 : 05 01 [224, 614] -> [0, 614]
* 610 : JNZ 0 614
* 610 : 101
* 610 : 01 00000001
* 610 : 01 101 [1, 223, 223] -> [1, 699342, 223]
* [ 223 ] = 699342
* 614 : ADD 1 699342 > [ 223 ]
* [ 223 ] = 699343
* 614 : 7
* 614 : 07 00000000
* 614 : 07 001 [677, 226, 224] -> [226, 677, 224]
* [ 224 ] = 0
* 618 : LT 226 677 > 224
* [ 224 ] = 1
* 618 : 1002
* 618 : 02 00000010
* 618 : 02 011 [223, 2, 223] -> [699343, 2, 223]
* [ 223 ] = 699343
* 622 : MULT 699343 2 > [ 223 ]
* [ 223 ] = 1398686
* 622 : 1005
* 622 : 05 00000010
* 622 : 05 01 [224, 629] -> [1, 629]
* 625 : JNZ 1 629
* 629 : 107
* 629 : 07 00000001
* 629 : 07 101 [677, 677, 224] -> [677, 226, 224]
* [ 224 ] = 1
* 633 : LT 677 226 > 224
* [ 224 ] = 0
* 633 : 1002
* 633 : 02 00000010
* 633 : 02 011 [223, 2, 223] -> [1398686, 2, 223]
* [ 223 ] = 1398686
* 637 : MULT 1398686 2 > [ 223 ]
* [ 223 ] = 2797372
* 637 : 1006
* 637 : 06 00000010
* 637 : 06 01 [224, 644] -> [0, 644]
* 640 : JZ 0 644
* 644 : 1007
* 644 : 07 00000010
* 644 : 07 011 [226, 677, 224] -> [677, 677, 224]
* [ 224 ] = 0
* 648 : LT 677 677 > 224
* [ 224 ] = 0
* 648 : 1002
* 648 : 02 00000010
* 648 : 02 011 [223, 2, 223] -> [2797372, 2, 223]
* [ 223 ] = 2797372
* 652 : MULT 2797372 2 > [ 223 ]
* [ 223 ] = 5594744
* 652 : 1005
* 652 : 05 00000010
* 652 : 05 01 [224, 659] -> [0, 659]
* 655 : JNZ 0 659
* 655 : 1001
* 655 : 01 00000010
* 655 : 01 011 [223, 1, 223] -> [5594744, 1, 223]
* [ 223 ] = 5594744
* 659 : ADD 5594744 1 > [ 223 ]
* [ 223 ] = 5594745
* 659 : 1007
* 659 : 07 00000010
* 659 : 07 011 [226, 226, 224] -> [677, 226, 224]
* [ 224 ] = 0
* 663 : LT 677 226 > 224
* [ 224 ] = 0
* 663 : 102
* 663 : 02 00000001
* 663 : 02 101 [2, 223, 223] -> [2, 5594745, 223]
* [ 223 ] = 5594745
* 667 : MULT 2 5594745 > [ 223 ]
* [ 223 ] = 11189490
* 667 : 1005
* 667 : 05 00000010
* 667 : 05 01 [224, 674] -> [0, 674]
* 670 : JNZ 0 674
* 670 : 101
* 670 : 01 00000001
* 670 : 01 101 [1, 223, 223] -> [1, 11189490, 223]
* [ 223 ] = 11189490
* 674 : ADD 1 11189490 > [ 223 ]
* [ 223 ] = 11189491
* 674 : 4
* 674 : 04 00000000
* 674 : 04 0 [223] -> [11189491]
output: 11189491
* 676 : 99
* 676 : 99 00000000
* 676 : HALT
